<?xml version="1.0" encoding="UTF-8"?>
<!-- Generated by org.testng.reporters.JUnitXMLReporter -->
<testsuite hostname="DESKTOP-NNOCIH9" name="Default test" tests="2" failures="0" timestamp="27 Oct 2019 21:28:39 GMT" time="25.916" errors="0">
  <testcase name="feature" time="20.216" classname="com.automation.exercise.com.automation.exercise.groove.TestRunner"/>
  <testcase name="feature" time="5.101" classname="com.automation.exercise.com.automation.exercise.groove.TestRunner"/>
</testsuite> <!-- Default test -->
