<?xml version="1.0" encoding="UTF-8"?>
<testng-results skipped="0" failed="0" total="2" passed="2">
  <reporter-output>
  </reporter-output>
  <suite name="TestRunner" duration-ms="30334" started-at="2019-11-02T17:25:19Z" finished-at="2019-11-02T17:25:49Z">
    <groups>
      <group name="cucumber">
        <method signature="AbstractTestNGCucumberTests.feature(cucumber.api.testng.CucumberFeatureWrapper)[pri:0, instance:TestRunner@6d00a15d]" name="feature" class="cucumber.api.testng.AbstractTestNGCucumberTests"/>
      </group> <!-- cucumber -->
    </groups>
    <test name="Command line test" duration-ms="30334" started-at="2019-11-02T17:25:19Z" finished-at="2019-11-02T17:25:49Z">
      <class name="TestRunner">
        <test-method status="PASS" signature="setUpClass()[pri:0, instance:TestRunner@6d00a15d]" name="setUpClass" is-config="true" duration-ms="421" started-at="2019-11-02T14:25:19Z" finished-at="2019-11-02T14:25:19Z">
          <reporter-output>
          </reporter-output>
        </test-method> <!-- setUpClass -->
        <test-method status="PASS" signature="feature(cucumber.api.testng.CucumberFeatureWrapper)[pri:0, instance:TestRunner@6d00a15d]" name="feature" duration-ms="24797" started-at="2019-11-02T14:25:19Z" description="Runs Cucumber Feature" data-provider="features" finished-at="2019-11-02T14:25:44Z">
          <params>
            <param index="0">
              <value>
                <![CDATA[Realizar um cadastro no site automation pratice]]>
              </value>
            </param>
          </params>
          <reporter-output>
          </reporter-output>
        </test-method> <!-- feature -->
        <test-method status="PASS" signature="feature(cucumber.api.testng.CucumberFeatureWrapper)[pri:0, instance:TestRunner@6d00a15d]" name="feature" duration-ms="4929" started-at="2019-11-02T14:25:44Z" description="Runs Cucumber Feature" data-provider="features" finished-at="2019-11-02T14:25:49Z">
          <params>
            <param index="0">
              <value>
                <![CDATA[Realizar uma requisição get para a api swapi]]>
              </value>
            </param>
          </params>
          <reporter-output>
          </reporter-output>
        </test-method> <!-- feature -->
        <test-method status="PASS" signature="tearDownClass()[pri:0, instance:TestRunner@6d00a15d]" name="tearDownClass" is-config="true" duration-ms="50" started-at="2019-11-02T14:25:49Z" finished-at="2019-11-02T14:25:49Z">
          <reporter-output>
          </reporter-output>
        </test-method> <!-- tearDownClass -->
      </class> <!-- TestRunner -->
    </test> <!-- Command line test -->
  </suite> <!-- TestRunner -->
</testng-results>
