<?xml version="1.0" encoding="UTF-8"?>
<testng-results skipped="0" failed="0" total="1" passed="1">
  <reporter-output>
  </reporter-output>
  <suite name="Default suite" duration-ms="8553" started-at="2019-10-27T20:21:00Z" finished-at="2019-10-27T20:21:09Z">
    <groups>
      <group name="cucumber">
        <method signature="AbstractTestNGCucumberTests.feature(cucumber.api.testng.CucumberFeatureWrapper)[pri:0, instance:com.automation.exercise.com.automation.exercise.groove.TestRunner@4fe3c938]" name="feature" class="cucumber.api.testng.AbstractTestNGCucumberTests"/>
      </group> <!-- cucumber -->
    </groups>
    <test name="Default test" duration-ms="8553" started-at="2019-10-27T20:21:00Z" finished-at="2019-10-27T20:21:09Z">
      <class name="com.automation.exercise.com.automation.exercise.groove.TestRunner">
        <test-method status="PASS" signature="setUpClass()[pri:0, instance:com.automation.exercise.com.automation.exercise.groove.TestRunner@4fe3c938]" name="setUpClass" is-config="true" duration-ms="543" started-at="2019-10-27T17:21:00Z" finished-at="2019-10-27T17:21:01Z">
          <reporter-output>
          </reporter-output>
        </test-method> <!-- setUpClass -->
        <test-method status="PASS" signature="feature(cucumber.api.testng.CucumberFeatureWrapper)[pri:0, instance:com.automation.exercise.com.automation.exercise.groove.TestRunner@4fe3c938]" name="feature" duration-ms="7822" started-at="2019-10-27T17:21:01Z" description="Runs Cucumber Feature" data-provider="features" finished-at="2019-10-27T17:21:09Z">
          <params>
            <param index="0">
              <value>
                <![CDATA[testar Api]]>
              </value>
            </param>
          </params>
          <reporter-output>
          </reporter-output>
        </test-method> <!-- feature -->
        <test-method status="PASS" signature="tearDownClass()[pri:0, instance:com.automation.exercise.com.automation.exercise.groove.TestRunner@4fe3c938]" name="tearDownClass" is-config="true" duration-ms="38" started-at="2019-10-27T17:21:09Z" finished-at="2019-10-27T17:21:09Z">
          <reporter-output>
          </reporter-output>
        </test-method> <!-- tearDownClass -->
      </class> <!-- com.automation.exercise.com.automation.exercise.groove.TestRunner -->
    </test> <!-- Default test -->
  </suite> <!-- Default suite -->
</testng-results>
